SF:lib/features/contacts/update/bloc/contact_update_bloc.dart
DA:16,1
DA:18,1
DA:19,2
DA:20,2
DA:23,1
DA:28,1
DA:30,1
DA:31,1
DA:32,1
DA:33,1
DA:36,2
DA:38,1
DA:39,0
DA:40,0
DA:41,0
DA:47,0
DA:52,0
DA:54,0
DA:56,0
DA:57,0
DA:58,0
DA:59,0
LF:22
LH:12
end_of_record
SF:lib/models/contact_model.dart
DA:8,4
DA:14,0
DA:15,0
DA:16,0
DA:17,0
DA:18,0
DA:22,0
DA:23,0
DA:24,0
DA:25,0
DA:26,0
DA:30,0
DA:32,0
DA:33,0
LF:14
LH:1
end_of_record
SF:lib/repositories/contacts_repository.dart
DA:5,0
DA:6,0
DA:8,0
DA:9,0
DA:10,0
DA:13,0
DA:14,0
DA:16,0
DA:17,0
DA:19,0
DA:20,0
LF:11
LH:0
end_of_record
SF:lib/features/contacts/register/bloc/contact_register_bloc.dart
DA:17,1
DA:19,1
DA:20,2
DA:23,1
DA:28,1
DA:30,1
DA:31,1
DA:32,1
DA:35,2
DA:37,1
DA:38,0
DA:39,0
DA:40,0
LF:13
LH:10
end_of_record
SF:lib/features/contacts/list/bloc/contact_list_bloc.dart
DA:15,1
DA:17,2
DA:18,2
DA:21,1
DA:26,2
DA:27,2
DA:33,2
DA:35,1
DA:36,2
LF:9
LH:9
end_of_record
SF:lib/features/contacts_cubit/list/cubit/contact_list_cubit.dart
DA:13,1
DA:15,2
DA:17,1
DA:19,2
DA:21,2
DA:22,1
DA:24,2
DA:25,0
DA:26,0
DA:28,0
DA:32,0
DA:34,0
DA:35,0
DA:36,0
DA:37,0
DA:38,0
DA:40,0
LF:17
LH:7
end_of_record
